<?xml version="1.0" encoding="UTF-8"?>
<!-- Generated by org.testng.reporters.JUnitReportReporter -->
<testsuite hostname="DESKTOP-TMMCH4R" failures="0" tests="4" name="api.test.UserTests2" time="28.787" errors="0" timestamp="2025-03-25T10:00:14 IST" skipped="0">
  <testcase classname="api.test.UserTests2" name="TestPostUserByName" time="9.684"/>
  <testcase classname="api.test.UserTests2" name="TestGetUsersByName" time="7.716"/>
  <testcase classname="api.test.UserTests2" name="TestUpdateUserByName" time="8.821"/>
  <testcase classname="api.test.UserTests2" name="TestDeleteUserByName" time="2.566"/>
</testsuite> <!-- api.test.UserTests2 -->
